c:\users\felix hereth\documents\github\graphicsengine\gfxengine\debug\vc142.pdb
c:\users\felix hereth\documents\github\graphicsengine\gfxengine\debug\vc142.idb
c:\users\felix hereth\documents\github\graphicsengine\gfxengine\debug\window.obj
c:\users\felix hereth\documents\github\graphicsengine\gfxengine\debug\mesh.obj
c:\users\felix hereth\documents\github\graphicsengine\gfxengine\debug\main.obj
c:\users\felix hereth\documents\github\graphicsengine\gfxengine\debug\d3d.obj
c:\users\felix hereth\documents\github\graphicsengine\gfxengine\debug\camera.obj
c:\users\felix hereth\documents\github\graphicsengine\gfxengine\debug\time.obj
c:\users\felix hereth\documents\github\graphicsengine\gfxengine\debug\wictextureloader.obj
c:\users\felix hereth\documents\github\graphicsengine\gfxengine\debug\material.obj
c:\users\felix hereth\documents\github\graphicsengine\gfxengine\debug\gfxengine.exe
c:\users\felix hereth\documents\github\graphicsengine\gfxengine\debug\gfxengine.ilk
c:\users\felix hereth\documents\github\graphicsengine\gfxengine\debug\gfxengine.pdb
c:\users\felix hereth\documents\github\graphicsengine\gfxengine\debug\gfxengine.tlog\cl.command.1.tlog
c:\users\felix hereth\documents\github\graphicsengine\gfxengine\debug\gfxengine.tlog\cl.read.1.tlog
c:\users\felix hereth\documents\github\graphicsengine\gfxengine\debug\gfxengine.tlog\cl.write.1.tlog
c:\users\felix hereth\documents\github\graphicsengine\gfxengine\debug\gfxengine.tlog\link-cvtres.read.1.tlog
c:\users\felix hereth\documents\github\graphicsengine\gfxengine\debug\gfxengine.tlog\link-cvtres.write.1.tlog
c:\users\felix hereth\documents\github\graphicsengine\gfxengine\debug\gfxengine.tlog\link-rc.read.1.tlog
c:\users\felix hereth\documents\github\graphicsengine\gfxengine\debug\gfxengine.tlog\link-rc.write.1.tlog
c:\users\felix hereth\documents\github\graphicsengine\gfxengine\debug\gfxengine.tlog\link.20304-cvtres.read.1.tlog
c:\users\felix hereth\documents\github\graphicsengine\gfxengine\debug\gfxengine.tlog\link.20304-cvtres.write.1.tlog
c:\users\felix hereth\documents\github\graphicsengine\gfxengine\debug\gfxengine.tlog\link.20304-rc.read.1.tlog
c:\users\felix hereth\documents\github\graphicsengine\gfxengine\debug\gfxengine.tlog\link.20304-rc.write.1.tlog
c:\users\felix hereth\documents\github\graphicsengine\gfxengine\debug\gfxengine.tlog\link.20304.read.1.tlog
c:\users\felix hereth\documents\github\graphicsengine\gfxengine\debug\gfxengine.tlog\link.20304.write.1.tlog
c:\users\felix hereth\documents\github\graphicsengine\gfxengine\debug\gfxengine.tlog\link.command.1.tlog
c:\users\felix hereth\documents\github\graphicsengine\gfxengine\debug\gfxengine.tlog\link.read.1.tlog
c:\users\felix hereth\documents\github\graphicsengine\gfxengine\debug\gfxengine.tlog\link.write.1.tlog
