C:\Program Files (x86)\Microsoft Visual Studio\2019\Community\MSBuild\Microsoft\VC\v160\Microsoft.CppBuild.targets(491,5): warning MSB8028: The intermediate directory (Debug\) contains files shared from another project (GFXEngine.vcxproj).  This can lead to incorrect clean and rebuild behavior.
  compilation object save succeeded; see C:\Users\Felix Hereth\Documents\GitHub\GraphicsEngine\GFXEngine11\LightingPixelShader.cso
  Component.cpp
  GameObject.cpp
C:\Users\Felix Hereth\Documents\GitHub\GraphicsEngine\GFXEngine11\Mesh.h(57,10): warning C4244: 'initializing': conversion from 'double' to 'float', possible loss of data
  Light.cpp
  Mesh.cpp
C:\Users\Felix Hereth\Documents\GitHub\GraphicsEngine\GFXEngine11\Mesh.h(57,10): warning C4244: 'initializing': conversion from 'double' to 'float', possible loss of data
C:\Users\Felix Hereth\Documents\GitHub\GraphicsEngine\GFXEngine11\Mesh.cpp(113,21): warning C4018: '<': signed/unsigned mismatch
C:\Users\Felix Hereth\Documents\GitHub\GraphicsEngine\GFXEngine11\Mesh.cpp(157,21): warning C4018: '<': signed/unsigned mismatch
  main.cpp
C:\Users\Felix Hereth\Documents\GitHub\GraphicsEngine\GFXEngine11\Mesh.h(57,10): warning C4244: 'initializing': conversion from 'double' to 'float', possible loss of data
C:\Users\Felix Hereth\Documents\GitHub\GraphicsEngine\GFXEngine11\AllCameras.h(2,10): warning C4067: unexpected tokens following preprocessor directive - expected a newline
C:\Users\Felix Hereth\Documents\GitHub\GraphicsEngine\GFXEngine11\AllCameras.h(15,2): warning C4091: 'static ': ignored on left of 'AllCameras' when no variable is declared
  Generating Code...
C:\Users\Felix Hereth\Documents\GitHub\GraphicsEngine\GFXEngine11\Mesh.cpp(227): warning C4715: 'Mesh::AwakeComponent': not all control paths return a value
C:\Users\Felix Hereth\Documents\GitHub\GraphicsEngine\GFXEngine11\Light.cpp(43): warning C4715: 'Light::AwakeComponent': not all control paths return a value
LINK : warning LNK4075: ignoring '/INCREMENTAL' due to '/FORCE' specification
main.obj : warning LNK4006: "struct DirectX::XMFLOAT3 __cdecl CrossProductXMFLOAT3(struct DirectX::XMFLOAT3,struct DirectX::XMFLOAT3)" (?CrossProductXMFLOAT3@@YA?AUXMFLOAT3@DirectX@@U12@0@Z) already defined in GameObject.obj; second definition ignored
main.obj : warning LNK4006: "struct DirectX::XMFLOAT3 __cdecl NormalizeXMFLOAT3(struct DirectX::XMFLOAT3)" (?NormalizeXMFLOAT3@@YA?AUXMFLOAT3@DirectX@@U12@@Z) already defined in GameObject.obj; second definition ignored
main.obj : warning LNK4006: "struct DirectX::XMFLOAT3 __cdecl SubtractXMFLOT3(struct DirectX::XMFLOAT3,struct DirectX::XMFLOAT3)" (?SubtractXMFLOT3@@YA?AUXMFLOAT3@DirectX@@U12@0@Z) already defined in GameObject.obj; second definition ignored
Mesh.obj : warning LNK4006: "struct DirectX::XMFLOAT3 __cdecl CrossProductXMFLOAT3(struct DirectX::XMFLOAT3,struct DirectX::XMFLOAT3)" (?CrossProductXMFLOAT3@@YA?AUXMFLOAT3@DirectX@@U12@0@Z) already defined in GameObject.obj; second definition ignored
Mesh.obj : warning LNK4006: "struct DirectX::XMFLOAT3 __cdecl NormalizeXMFLOAT3(struct DirectX::XMFLOAT3)" (?NormalizeXMFLOAT3@@YA?AUXMFLOAT3@DirectX@@U12@@Z) already defined in GameObject.obj; second definition ignored
Mesh.obj : warning LNK4006: "struct DirectX::XMFLOAT3 __cdecl SubtractXMFLOT3(struct DirectX::XMFLOAT3,struct DirectX::XMFLOAT3)" (?SubtractXMFLOT3@@YA?AUXMFLOAT3@DirectX@@U12@0@Z) already defined in GameObject.obj; second definition ignored
C:\Users\Felix Hereth\Documents\GitHub\GraphicsEngine\GFXEngine\Debug\GFXEngine11.exe : warning LNK4088: image being generated due to /FORCE option; image may not run
  GFXEngine11.vcxproj -> C:\Users\Felix Hereth\Documents\GitHub\GraphicsEngine\GFXEngine\Debug\GFXEngine11.exe
